# JRE version: OpenJDK Runtime Environment (11.0.10) (build 11.0.10+0-b96-7249189)
# Java VM: OpenJDK 64-Bit Server VM (11.0.10+0-b96-7249189, mixed mode, tiered, compressed oops, g1 gc, windows-amd64)
Heap:
 garbage-first heap   total 481280K, used 287923K [0x0000000080000000, 0x0000000100000000)
  region size 1024K, 102 young (104448K), 25 survivors (25600K)
 Metaspace       used 103406K, capacity 106000K, committed 106316K, reserved 1140736K
  class space    used 13306K, capacity 14334K, committed 14412K, reserved 1048576K
GC Heap History (20 events):
Event: 17.536 GC heap before
{Heap before GC invocations=35 (full 0):
 garbage-first heap   total 481280K, used 407915K [0x0000000080000000, 0x0000000100000000)
  region size 1024K, 224 young (229376K), 4 survivors (4096K)
 Metaspace       used 102719K, capacity 105306K, committed 105548K, reserved 1140736K
  class space    used 13288K, capacity 14289K, committed 14412K, reserved 1048576K
}
Event: 17.546 GC heap after
{Heap after GC invocations=36 (full 0):
 garbage-first heap   total 481280K, used 185066K [0x0000000080000000, 0x0000000100000000)
  region size 1024K, 6 young (6144K), 6 survivors (6144K)
 Metaspace       used 102719K, capacity 105306K, committed 105548K, reserved 1140736K
  class space    used 13288K, capacity 14289K, committed 14412K, reserved 1048576K
}
Event: 17.853 GC heap before
{Heap before GC invocations=36 (full 0):
 garbage-first heap   total 481280K, used 407274K [0x0000000080000000, 0x0000000100000000)
  region size 1024K, 223 young (228352K), 6 survivors (6144K)
 Metaspace       used 102876K, capacity 105460K, committed 105804K, reserved 1140736K
  class space    used 13293K, capacity 14293K, committed 14412K, reserved 1048576K
}
Event: 17.865 GC heap after
{Heap after GC invocations=37 (full 0):
 garbage-first heap   total 481280K, used 186830K [0x0000000080000000, 0x0000000100000000)
  region size 1024K, 8 young (8192K), 8 survivors (8192K)
 Metaspace       used 102876K, capacity 105460K, committed 105804K, reserved 1140736K
  class space    used 13293K, capacity 14293K, committed 14412K, reserved 1048576K
}
Event: 18.142 GC heap before
{Heap before GC invocations=37 (full 0):
 garbage-first heap   total 481280K, used 410062K [0x0000000080000000, 0x0000000100000000)
  region size 1024K, 226 young (231424K), 8 survivors (8192K)
 Metaspace       used 102973K, capacity 105633K, committed 105804K, reserved 1140736K
  class space    used 13294K, capacity 14326K, committed 14412K, reserved 1048576K
}
Event: 18.156 GC heap after
{Heap after GC invocations=38 (full 0):
 garbage-first heap   total 481280K, used 188910K [0x0000000080000000, 0x0000000100000000)
  region size 1024K, 10 young (10240K), 10 survivors (10240K)
 Metaspace       used 102973K, capacity 105633K, committed 105804K, reserved 1140736K
  class space    used 13294K, capacity 14326K, committed 14412K, reserved 1048576K
}
Event: 18.486 GC heap before
{Heap before GC invocations=38 (full 0):
 garbage-first heap   total 481280K, used 411118K [0x0000000080000000, 0x0000000100000000)
  region size 1024K, 228 young (233472K), 10 survivors (10240K)
 Metaspace       used 103010K, capacity 105649K, committed 105804K, reserved 1140736K
  class space    used 13300K, capacity 14331K, committed 14412K, reserved 1048576K
}
Event: 18.502 GC heap after
{Heap after GC invocations=39 (full 0):
 garbage-first heap   total 481280K, used 189266K [0x0000000080000000, 0x0000000100000000)
  region size 1024K, 10 young (10240K), 10 survivors (10240K)
 Metaspace       used 103010K, capacity 105649K, committed 105804K, reserved 1140736K
  class space    used 13300K, capacity 14331K, committed 14412K, reserved 1048576K
}
Event: 18.819 GC heap before
{Heap before GC invocations=39 (full 0):
 garbage-first heap   total 481280K, used 415570K [0x0000000080000000, 0x0000000100000000)
  region size 1024K, 231 young (236544K), 10 survivors (10240K)
 Metaspace       used 103061K, capacity 105719K, committed 105804K, reserved 1140736K
  class space    used 13300K, capacity 14331K, committed 14412K, reserved 1048576K
}
Event: 18.835 GC heap after
{Heap after GC invocations=40 (full 0):
 garbage-first heap   total 481280K, used 190290K [0x0000000080000000, 0x0000000100000000)
  region size 1024K, 11 young (11264K), 11 survivors (11264K)
 Metaspace       used 103061K, capacity 105719K, committed 105804K, reserved 1140736K
  class space    used 13300K, capacity 14331K, committed 14412K, reserved 1048576K
}
Event: 19.252 GC heap before
{Heap before GC invocations=40 (full 0):
 garbage-first heap   total 481280K, used 416594K [0x0000000080000000, 0x0000000100000000)
  region size 1024K, 232 young (237568K), 11 survivors (11264K)
 Metaspace       used 103204K, capacity 105824K, committed 106060K, reserved 1140736K
  class space    used 13300K, capacity 14332K, committed 14412K, reserved 1048576K
}
Event: 19.269 GC heap after
{Heap after GC invocations=41 (full 0):
 garbage-first heap   total 481280K, used 191044K [0x0000000080000000, 0x0000000100000000)
  region size 1024K, 12 young (12288K), 12 survivors (12288K)
 Metaspace       used 103204K, capacity 105824K, committed 106060K, reserved 1140736K
  class space    used 13300K, capacity 14332K, committed 14412K, reserved 1048576K
}
Event: 19.606 GC heap before
{Heap before GC invocations=41 (full 0):
 garbage-first heap   total 481280K, used 417348K [0x0000000080000000, 0x0000000100000000)
  region size 1024K, 233 young (238592K), 12 survivors (12288K)
 Metaspace       used 103315K, capacity 105924K, committed 106060K, reserved 1140736K
  class space    used 13300K, capacity 14332K, committed 14412K, reserved 1048576K
}
Event: 19.630 GC heap after
{Heap after GC invocations=42 (full 0):
 garbage-first heap   total 481280K, used 197250K [0x0000000080000000, 0x0000000100000000)
  region size 1024K, 18 young (18432K), 18 survivors (18432K)
 Metaspace       used 103315K, capacity 105924K, committed 106060K, reserved 1140736K
  class space    used 13300K, capacity 14332K, committed 14412K, reserved 1048576K
}
Event: 19.953 GC heap before
{Heap before GC invocations=42 (full 0):
 garbage-first heap   total 481280K, used 414338K [0x0000000080000000, 0x0000000100000000)
  region size 1024K, 230 young (235520K), 18 survivors (18432K)
 Metaspace       used 103327K, capacity 105924K, committed 106060K, reserved 1140736K
  class space    used 13300K, capacity 14332K, committed 14412K, reserved 1048576K
}
Event: 19.978 GC heap after
{Heap after GC invocations=43 (full 0):
 garbage-first heap   total 481280K, used 197653K [0x0000000080000000, 0x0000000100000000)
  region size 1024K, 16 young (16384K), 16 survivors (16384K)
 Metaspace       used 103327K, capacity 105924K, committed 106060K, reserved 1140736K
  class space    used 13300K, capacity 14332K, committed 14412K, reserved 1048576K
}
Event: 20.310 GC heap before
{Heap before GC invocations=43 (full 0):
 garbage-first heap   total 481280K, used 414741K [0x0000000080000000, 0x0000000100000000)
  region size 1024K, 229 young (234496K), 16 survivors (16384K)
 Metaspace       used 103382K, capacity 105998K, committed 106316K, reserved 1140736K
  class space    used 13305K, capacity 14334K, committed 14412K, reserved 1048576K
}
Event: 20.329 GC heap after
{Heap after GC invocations=44 (full 0):
 garbage-first heap   total 481280K, used 200337K [0x0000000080000000, 0x0000000100000000)
  region size 1024K, 18 young (18432K), 18 survivors (18432K)
 Metaspace       used 103382K, capacity 105998K, committed 106316K, reserved 1140736K
  class space    used 13305K, capacity 14334K, committed 14412K, reserved 1048576K
}
Event: 20.838 GC heap before
{Heap before GC invocations=44 (full 0):
 garbage-first heap   total 481280K, used 414353K [0x0000000080000000, 0x0000000100000000)
  region size 1024K, 227 young (232448K), 18 survivors (18432K)
 Metaspace       used 103391K, capacity 106000K, committed 106316K, reserved 1140736K
  class space    used 13305K, capacity 14334K, committed 14412K, reserved 1048576K
}
Event: 20.865 GC heap after
{Heap after GC invocations=45 (full 0):
 garbage-first heap   total 481280K, used 210099K [0x0000000080000000, 0x0000000100000000)
  region size 1024K, 25 young (25600K), 25 survivors (25600K)
 Metaspace       used 103391K, capacity 106000K, committed 106316K, reserved 1140736K
  class space    used 13305K, capacity 14334K, committed 14412K, reserved 1048576K
}

