# JRE version: OpenJDK Runtime Environment (11.0.10) (build 11.0.10+0-b96-7249189)
# Java VM: OpenJDK 64-Bit Server VM (11.0.10+0-b96-7249189, mixed mode, tiered, compressed oops, g1 gc, windows-amd64)
Heap:
 garbage-first heap   total 566272K, used 245045K [0x0000000080000000, 0x0000000100000000)
  region size 1024K, 5 young (5120K), 5 survivors (5120K)
 Metaspace       used 147132K, capacity 150716K, committed 151040K, reserved 1181696K
  class space    used 18013K, capacity 19376K, committed 19456K, reserved 1048576K
GC Heap History (20 events):
Event: 2578.661 GC heap after
{Heap after GC invocations=102 (full 0):
 garbage-first heap   total 277504K, used 171652K [0x0000000080000000, 0x0000000100000000)
  region size 1024K, 9 young (9216K), 9 survivors (9216K)
 Metaspace       used 139528K, capacity 142656K, committed 143104K, reserved 1173504K
  class space    used 16939K, capacity 18092K, committed 18176K, reserved 1048576K
}
Event: 2578.961 GC heap before
{Heap before GC invocations=102 (full 0):
 garbage-first heap   total 277504K, used 220804K [0x0000000080000000, 0x0000000100000000)
  region size 1024K, 58 young (59392K), 9 survivors (9216K)
 Metaspace       used 141054K, capacity 144281K, committed 144384K, reserved 1175552K
  class space    used 17183K, capacity 18385K, committed 18432K, reserved 1048576K
}
Event: 2578.978 GC heap after
{Heap after GC invocations=103 (full 0):
 garbage-first heap   total 277504K, used 179200K [0x0000000080000000, 0x0000000100000000)
  region size 1024K, 8 young (8192K), 8 survivors (8192K)
 Metaspace       used 141054K, capacity 144281K, committed 144384K, reserved 1175552K
  class space    used 17183K, capacity 18385K, committed 18432K, reserved 1048576K
}
Event: 2579.213 GC heap before
{Heap before GC invocations=103 (full 0):
 garbage-first heap   total 277504K, used 224256K [0x0000000080000000, 0x0000000100000000)
  region size 1024K, 53 young (54272K), 8 survivors (8192K)
 Metaspace       used 143303K, capacity 146683K, committed 146944K, reserved 1177600K
  class space    used 17591K, capacity 18844K, committed 18944K, reserved 1048576K
}
Event: 2579.232 GC heap after
{Heap after GC invocations=104 (full 0):
 garbage-first heap   total 360448K, used 187771K [0x0000000080000000, 0x0000000100000000)
  region size 1024K, 7 young (7168K), 7 survivors (7168K)
 Metaspace       used 143303K, capacity 146683K, committed 146944K, reserved 1177600K
  class space    used 17591K, capacity 18844K, committed 18944K, reserved 1048576K
}
Event: 2579.493 GC heap before
{Heap before GC invocations=104 (full 0):
 garbage-first heap   total 360448K, used 259451K [0x0000000080000000, 0x0000000100000000)
  region size 1024K, 77 young (78848K), 7 survivors (7168K)
 Metaspace       used 144445K, capacity 147786K, committed 148096K, reserved 1177600K
  class space    used 17759K, capacity 19013K, committed 19072K, reserved 1048576K
}
Event: 2579.514 GC heap after
{Heap after GC invocations=105 (full 0):
 garbage-first heap   total 360448K, used 200309K [0x0000000080000000, 0x0000000100000000)
  region size 1024K, 10 young (10240K), 10 survivors (10240K)
 Metaspace       used 144445K, capacity 147786K, committed 148096K, reserved 1177600K
  class space    used 17759K, capacity 19013K, committed 19072K, reserved 1048576K
}
Event: 2579.678 GC heap before
{Heap before GC invocations=105 (full 0):
 garbage-first heap   total 360448K, used 268917K [0x0000000080000000, 0x0000000100000000)
  region size 1024K, 78 young (79872K), 10 survivors (10240K)
 Metaspace       used 145248K, capacity 148777K, committed 148992K, reserved 1179648K
  class space    used 17861K, capacity 19148K, committed 19200K, reserved 1048576K
}
Event: 2579.705 GC heap after
{Heap after GC invocations=106 (full 0):
 garbage-first heap   total 360448K, used 209530K [0x0000000080000000, 0x0000000100000000)
  region size 1024K, 9 young (9216K), 9 survivors (9216K)
 Metaspace       used 145248K, capacity 148777K, committed 148992K, reserved 1179648K
  class space    used 17861K, capacity 19148K, committed 19200K, reserved 1048576K
}
Event: 2579.882 GC heap before
{Heap before GC invocations=106 (full 0):
 garbage-first heap   total 360448K, used 278138K [0x0000000080000000, 0x0000000100000000)
  region size 1024K, 76 young (77824K), 9 survivors (9216K)
 Metaspace       used 145904K, capacity 149463K, committed 149632K, reserved 1179648K
  class space    used 17955K, capacity 19311K, committed 19328K, reserved 1048576K
}
Event: 2579.899 GC heap after
{Heap after GC invocations=107 (full 0):
 garbage-first heap   total 360448K, used 216762K [0x0000000080000000, 0x0000000100000000)
  region size 1024K, 8 young (8192K), 8 survivors (8192K)
 Metaspace       used 145904K, capacity 149463K, committed 149632K, reserved 1179648K
  class space    used 17955K, capacity 19311K, committed 19328K, reserved 1048576K
}
Event: 2580.043 GC heap before
{Heap before GC invocations=107 (full 0):
 garbage-first heap   total 360448K, used 284346K [0x0000000080000000, 0x0000000100000000)
  region size 1024K, 74 young (75776K), 8 survivors (8192K)
 Metaspace       used 146162K, capacity 149761K, committed 150016K, reserved 1179648K
  class space    used 17980K, capacity 19344K, committed 19456K, reserved 1048576K
}
Event: 2580.061 GC heap after
{Heap after GC invocations=108 (full 0):
 garbage-first heap   total 477184K, used 225645K [0x0000000080000000, 0x0000000100000000)
  region size 1024K, 9 young (9216K), 9 survivors (9216K)
 Metaspace       used 146162K, capacity 149761K, committed 150016K, reserved 1179648K
  class space    used 17980K, capacity 19344K, committed 19456K, reserved 1048576K
}
Event: 2580.702 GC heap before
{Heap before GC invocations=108 (full 0):
 garbage-first heap   total 477184K, used 333165K [0x0000000080000000, 0x0000000100000000)
  region size 1024K, 115 young (117760K), 9 survivors (9216K)
 Metaspace       used 146748K, capacity 150329K, committed 150528K, reserved 1179648K
  class space    used 17991K, capacity 19359K, committed 19456K, reserved 1048576K
}
Event: 2580.721 GC heap after
{Heap after GC invocations=109 (full 0):
 garbage-first heap   total 477184K, used 232871K [0x0000000080000000, 0x0000000100000000)
  region size 1024K, 15 young (15360K), 15 survivors (15360K)
 Metaspace       used 146748K, capacity 150329K, committed 150528K, reserved 1179648K
  class space    used 17991K, capacity 19359K, committed 19456K, reserved 1048576K
}
Event: 2581.146 GC heap before
{Heap before GC invocations=109 (full 0):
 garbage-first heap   total 477184K, used 370087K [0x0000000080000000, 0x0000000100000000)
  region size 1024K, 149 young (152576K), 15 survivors (15360K)
 Metaspace       used 146787K, capacity 150393K, committed 150528K, reserved 1179648K
  class space    used 17997K, capacity 19359K, committed 19456K, reserved 1048576K
}
Event: 2581.169 GC heap after
{Heap after GC invocations=110 (full 0):
 garbage-first heap   total 477184K, used 241855K [0x0000000080000000, 0x0000000100000000)
  region size 1024K, 18 young (18432K), 18 survivors (18432K)
 Metaspace       used 146787K, capacity 150393K, committed 150528K, reserved 1179648K
  class space    used 17997K, capacity 19359K, committed 19456K, reserved 1048576K
}
Event: 2581.540 GC heap before
{Heap before GC invocations=110 (full 0):
 garbage-first heap   total 477184K, used 377023K [0x0000000080000000, 0x0000000100000000)
  region size 1024K, 151 young (154624K), 18 survivors (18432K)
 Metaspace       used 146841K, capacity 150431K, committed 150528K, reserved 1179648K
  class space    used 18011K, capacity 19372K, committed 19456K, reserved 1048576K
}
Event: 2581.558 GC heap after
{Heap after GC invocations=111 (full 0):
 garbage-first heap   total 477184K, used 245381K [0x0000000080000000, 0x0000000100000000)
  region size 1024K, 13 young (13312K), 13 survivors (13312K)
 Metaspace       used 146841K, capacity 150431K, committed 150528K, reserved 1179648K
  class space    used 18011K, capacity 19372K, committed 19456K, reserved 1048576K
}
Event: 2581.951 GC heap before
{Heap before GC invocations=111 (full 0):
 garbage-first heap   total 477184K, used 384645K [0x0000000080000000, 0x0000000100000000)
  region size 1024K, 149 young (152576K), 13 survivors (13312K)
 Metaspace       used 147132K, capacity 150716K, committed 151040K, reserved 1181696K
  class space    used 18013K, capacity 19376K, committed 19456K, reserved 1048576K
}

